035dd621-9c1c-4ce0-b86b-33fad0e8c603  timestamp=1716208504.788528541s
036a76f9-d6be-427a-ac4b-5e921e853dc6  timestamp=1714999964.576523389s
03cac9ff-1abd-48a3-baa7-c663932d8fb3  timestamp=1714640158.139321504s
03cf0965-8f77-4981-a94e-8171da7fe8b5  timestamp=1716369653.399940123s
04557137-02cd-42c2-b835-5b8261dd8176  timestamp=1715076348.507986427s
0565f7c7-3671-496e-bc3d-f31833ee48c7  timestamp=1716242253.479059227s
05cd6fa7-0239-45e1-8447-66b944394f7a  timestamp=1716218561.837538349s
05d04c59-2162-4e9e-a03a-3244f2ba469d  timestamp=1716369051.493998396s
0678a673-e5a1-416f-a177-b68d4158c8d6  timestamp=1714383801.407448558s
06b03a3f-773d-40ae-bfa6-259869999571  timestamp=1716240244.509385258s
071d7835-e6ae-46cb-b97d-4d9619d9ee5d  timestamp=1716372549.292933842s
07662f30-d8dd-411d-a1ac-4862fc9d71b9  timestamp=1716237886.449254025s
07a99537-1eb5-4580-8eb1-92279cc32872  timestamp=1716211394.878260485s
08417f63-2183-4b50-964b-b330bbb4af3f  timestamp=1716226337.880911114s
09ad0619-a64d-4c4e-8a88-8c2599ea9ece  timestamp=1714385259.332862191s
0a3e1a78-37e6-4770-8fb7-36d1e45c4866  timestamp=1716368155.315155785s
0b911f26-6549-4546-b242-bef1551d9d44  timestamp=1716205968.606204759s
0bb0142a-b5eb-436c-aca1-491e08bebd7d  timestamp=1715001193.500806828s
0c203209-5970-4c72-b5fb-2ede8f8ede22  timestamp=1715197266.475507499s
0cc25e0f-10d0-4561-b67e-540e505aeb9d  timestamp=1714385703.089333143s
0e2fa925-43b7-4d12-8840-02ec10e4f0b1  timestamp=1716374182.488342183s
0e7c1a12-7fac-4a57-a175-36a3c06ba595  timestamp=1715236638.220583651s
102677d0-a2d9-486c-bb01-229111a08503  timestamp=1714670396.475380401s
10b3b6d6-7419-403c-9853-c22b0bd101a6  timestamp=1716208459.32098752s
10bca69f-1dbc-4974-a77b-a71b08bc04cf  timestamp=1714384517.387619679s
11595f43-dbd1-4d4b-b993-d215a43ab1c7  timestamp=1716255992.67901038s
11dc0fe9-782e-4a63-8bdb-384e9a11ca5d  timestamp=1714385419.107985289s
12394fc9-3a6f-4e98-b4fa-2d084e42c825  timestamp=1716223391.257864996s
12bbe807-75f9-462c-ad69-a5a565985aed  timestamp=1715592745.952685528s
141e42a1-c76a-41d7-bff7-1e2e091a5362  timestamp=1716257519.245287651s
1530503e-7704-401c-9a1a-35c90b33aea5  timestamp=1716208480.285840378s
15ae4e57-4d7f-44c9-81c6-71f4e744e504  timestamp=1714384420.390505928s
193fa6ea-51b8-4059-b47c-9c58de36ae3e  timestamp=1716243745.046870489s
1af8cf5f-d602-45ed-b61e-529f061d0082  timestamp=1715280525.101175101s
1c3b0880-d2b8-4b4a-a46a-54b139ea4190  timestamp=1714385531.039985068s
1d1ab88f-5f13-4b68-b4ad-6e94f3bfa5f1  timestamp=1716243692.082980063s
1d97ca6e-5fca-475f-be30-77c4e6362010  timestamp=1716293564.209459632s
1f2d7c5b-89cb-4105-b660-7a5685ad8777  timestamp=1715248643.284370462s
20b7fb0f-5bbc-4f54-a3f2-96efb3d53ba7  timestamp=1716230770.80057708s
217e84a2-91e4-4f06-854a-d6a599bf45b0  timestamp=1716302607.266896797s
21ce232f-36d2-4a23-bb29-fd98e1835362  timestamp=1715593185.890433885s
2301c94d-05eb-44b5-84ef-22eea6829a2e  timestamp=1716217832.086977461s
248e303b-e342-45c8-957f-0076f751914d  timestamp=1715594564.055819322s
2504d77a-b35b-422d-bce2-a4225cf039a3  timestamp=1716235153.644968301s
258b8fde-8849-45fd-b0b6-4c42ae99648a  timestamp=1714999632.325283845s
25e47fec-1df0-4ff2-b361-e16ff4d22a60  timestamp=1714385021.34708795s
26601cce-b506-4e50-a25d-3ca96157d816  timestamp=1716297526.562547358s
269b870f-a3fc-4594-9a1a-7950f992a00f  timestamp=1716228908.041243006s
26c03819-e7aa-4b88-84ea-2e7a40b84fa3  timestamp=1716257267.027747964s
26cafadd-97da-4daa-9ea3-67d763c4f8a7  timestamp=1716228711.938411894s
282ff87b-0db3-493c-aea3-edd7a811489e  timestamp=1716308648.744602275s
296e3c7e-28ca-4904-96f7-8133f4802d98  timestamp=1716366632.466949075s
298d84cf-e39f-4b3b-8452-191ab5ae4ad1  timestamp=1716208563.877942548s
29ab0fde-c179-4830-99b7-937f6899b9ca  timestamp=1715195099.50236119s
29e5a18f-3f65-4bb1-9136-96bf2b2358b3  timestamp=1715247324.142642005s
2a29e691-6f8a-4a48-b6f8-226d95da7827  timestamp=1716208411.541590336s
2d00f917-02b1-465b-b6ad-e8868d4bc077  timestamp=1716375791.127077141s
2d2a9a7c-8393-492f-8682-10e4c08c4d1e  timestamp=1715000065.581223756s
2d3590ed-fc12-403f-b352-5ef4ee3c4b55  timestamp=1716252974.976612318s
2e15424f-4037-4002-b495-53697228b1f0  timestamp=1716208528.397480766s
2ee55c4a-c596-46ec-9907-6055ed108a97  timestamp=1716231703.415771486s
2fb02453-d038-4d30-b9c7-4b0696c534fe  timestamp=1715001212.995286095s
3030110f-f396-4ddb-ba31-14a32fc9684c  timestamp=1715594308.842332346s
306977e0-6748-4a16-8390-63de5bfca5ce  timestamp=1715000168.575016187s
3281e261-72d8-421a-b473-b8789e5f4ccc  timestamp=1715259251.894789232s
332bfa1e-60f5-48a9-a80e-4e34ac5659ee  timestamp=1716251707.633465557s
34af7cbc-d1cc-40d7-bff9-c82ad32cbbef  timestamp=1716256205.60766249s
34d931c8-32be-4d87-8a50-4a5fe266eeb4  timestamp=1716369350.105906336s
34e8d9b3-29f1-4bfc-800e-2869c411b6c2  timestamp=1716295806.644325203s
3580da3f-045a-4268-b988-c1b73e1fbef7  timestamp=1716305944.006295912s
35f7bee2-fda9-401d-8d44-01e96e34eb56  timestamp=1715593626.765776388s
36990da3-e1d9-43b0-9965-dbcc92eb6e77  timestamp=1714648320.442336809s
38125749-0aa9-43dc-99ff-b7ba8d17e408  timestamp=1716286958.29098295s
392dd98c-3084-4a31-8f3a-4c44e1fe30bf  timestamp=1716208676.719056904s
393e3906-8a18-4041-b726-5e64c22bdc3f  timestamp=1714999775.644962539s
39b01b3b-4352-47b1-bdb0-e77dc191363d  timestamp=1715594605.120361199s
39cc04f2-9e5d-4bff-8b89-55e2c33c7a76  timestamp=1715594478.455395679s
3a39574a-00cc-4a26-83ef-95f0fdaeeead  timestamp=1716307539.768705851s
407166f0-1843-4e5a-b806-d8f3aabc21dd  timestamp=1716212038.77733728s
4375af78-380e-4007-b5c9-160e1706f99c  timestamp=1716216631.241959403s
43de9332-7629-4dc5-a180-dbd3b32eeff4  timestamp=1716378229.066586277s
444fd227-a6e9-4104-bca2-cde9f608cae4  timestamp=1716297444.445972334s
447a29f9-1b8f-4d82-9151-94ac3190ed50  timestamp=1716235911.933416762s
44c44d40-b279-435d-80d3-5de37d3ef0d9  timestamp=1714777935.977890795s
44caa0b9-fdd3-469d-b13f-ce506d6c3dc6  timestamp=1716216728.961581671s
45166c17-20f7-4a2c-8855-cb72a399e701  timestamp=1714383905.287411944s
453a6620-3322-4bc6-821c-6f9f01a7f7eb  timestamp=1716250770.490642467s
45521df0-c946-487d-8a83-30a9c5485237  timestamp=1714385512.132095538s
457551b6-5193-4b60-99a8-bdcafc350357  timestamp=1716368752.674855596s
467d13e7-7d4c-46c5-90ce-f5fa2e86989f  timestamp=1716373221.913645839s
47320e66-6b7c-48d4-9cd8-e238039cde1f  timestamp=1716220342.695554554s
4858eca6-d2b2-46f8-bd40-46220dc658a6  timestamp=1716216290.725374214s
48f50df7-8b51-4083-a458-1e84b34a2875  timestamp=1716224514.382252583s
49b99bae-6cc1-423d-92fc-4eecdb1dcf56  timestamp=1714384758.942576635s
4a43456a-8792-4b52-a372-482689b33afa  timestamp=1716297801.30388282s
4bb4efe5-3ca4-4036-a5b7-1d9f4cc3352d  timestamp=1716244894.306145304s
4d0a3381-97dd-4175-b8ce-535cf3a2db7a  timestamp=1716219261.471243456s
4d4bf4b3-ee98-47ac-bb4a-7c0c2353147b  timestamp=1716254455.207489422s
4e45e9f9-38bd-498c-b14a-66c861787541  timestamp=1714385613.152060093s
50115daf-7e45-4be6-9d6b-1b87e2ef2a23  timestamp=1716205750.385492389s
50222dd9-9b1d-44a4-b190-ca1d17d59b3c  timestamp=1716233313.189096273s
50e8c4ef-8e56-4355-ac66-be45848f8f90  timestamp=1716292563.216007525s
52096a10-b720-4d28-914c-62830d8e3d68  timestamp=1714998533.919595026s
551dcf88-27cb-403d-8569-40f1369de96e  timestamp=1715277607.156175722s
55dcc50e-c0b3-4713-a6bf-b26d74faccf1  timestamp=1716308822.665760521s
56254bb8-1ae8-4031-87d6-76db7d14001e  timestamp=1716295509.240884336s
56ad05e3-bcbd-419a-8b1e-4ad6ceaa4a0b  timestamp=1716367852.82126289s
577e7d64-e40a-4a14-ac2f-f942584b8bf2  timestamp=1716377625.292197066s
587f3cae-83fb-40b4-a110-f0dc2244de31  timestamp=1716256757.910797918s
595af2ed-66d0-4d75-b585-9d563e8d7042  timestamp=1716213953.802879481s
5bccf397-7b51-43d2-9a75-127f3a91da84  timestamp=1716373821.08929259s
5d03de3f-560b-45b0-87e4-dd3a4d37db23  timestamp=1714385231.910061586s
5d061fd6-1397-47d4-b349-94b46c6dbe01  timestamp=1716296407.455859263s
5d169390-1d35-4b32-bc2f-8001894afbd6  timestamp=1716235675.462063623s
5e8b6d3d-6c65-4fe0-9166-b88a3635d7c2  timestamp=1716374520.619998894s
5ea20429-4dfa-4545-99fe-03fccabbe5cb  timestamp=1716227783.071267389s
5f1ee8aa-47a3-452e-9466-2fa0b7e74edf  timestamp=1716245827.689780974s
5fc28002-9f88-4aa4-8166-ff5e1d79eddd  timestamp=1716249645.727856402s
62aa6343-2f33-4119-a1f1-8bd62c528686  timestamp=1716234936.19501197s
62cc80ad-4f9b-4b74-ac17-325a29e8f8c6  timestamp=1714384717.114682208s
631ecc4c-90ab-4758-9ff2-f82652128c29  timestamp=1716208388.48777679s
63a994f4-2460-41e4-bec2-246f9b108ecc  timestamp=1716373550.899271614s
64bbe57e-8e29-4668-a216-565a4ec7b6aa  timestamp=1716234193.870146505s
66a7a02d-18f1-41c8-a8e2-1fc8222f42be  timestamp=1714383769.392586163s
67a7872f-9578-403f-9779-f5e78443b915  timestamp=1716376453.230461283s
67b636a0-2b23-4d44-b7f4-a573793d07e5  timestamp=1716214279.760829376s
69395c53-169b-42cc-b57a-1357a21b6460  timestamp=1716249112.63980562s
69839473-5b8a-4e45-b327-5a093662335e  timestamp=1715273163.856195703s
6a0f7282-ea87-49e9-a9bb-af545ecd72e4  timestamp=1716209295.125463119s
6aee0756-8d08-4534-ae8c-3f42c81d9958  timestamp=1716367544.660029977s
6bc72cf9-df25-47fe-b7bd-b78f072d82b5  timestamp=1715592688.17947944s
6c1bf628-e88c-45d8-bce1-b6df890e545a  timestamp=1716365661.060794388s
6d762188-ea19-4bb5-a690-b4733307e8f8  timestamp=1716230076.884599005s
6ec37517-95a1-40c4-a877-cff858603621  timestamp=1715000120.105802454s
700618f3-99ca-4f62-8982-2d4be71c2ef7  timestamp=1716301229.644479579s
71bf2261-4f59-4848-b20d-58b5f8d00206  timestamp=1716226696.422253364s
73025daf-52fd-42b9-b61b-98727e328436  timestamp=1716371243.221010825s
74b384a7-473c-4c21-866b-7dd05302e55b  timestamp=1716376133.083200406s
74b42e36-78a9-4c01-84a9-e0e7739253b8  timestamp=1716229599.15646331s
75da4b55-2891-4e43-8f21-ffe2abccf60f  timestamp=1714384031.185992991s
76ee183d-19c3-4e3d-9441-31e94bb1b4bd  timestamp=1716242505.484967034s
77170730-049f-4ca3-97f3-305589fb3cba  timestamp=1715593385.524418006s
78566478-844b-444f-8053-24e9b3d38cf6  timestamp=1715194147.689976253s
79eb8478-1108-420e-abd0-b46ae44eb95f  timestamp=1716208318.942290809s
7a52b08f-6ad1-4fe8-b97f-2922c55d8688  timestamp=1716377938.709495635s
7b71cdb9-4b45-4d03-96bc-6a1e82b8d590  timestamp=1715274264.144850744s
7b8e3129-2338-4863-aef2-27bfb3b6c374  timestamp=1716374853.04940042s
7c3a5a15-d312-4b9c-8bf3-3aded7f2b70b  timestamp=1716221051.579490105s
7cb8c0ef-f573-46ad-9184-25e7111d5524  timestamp=1714687824.778944085s
7e6aa2dd-2e70-4cd5-90e9-8792d5a83a8b  timestamp=1716375462.963224136s
7e777902-4278-438b-b9ab-1de05a9d391f  timestamp=1716303502.348640538s
7eab8c04-48dc-48c7-b403-9c71792984a2  timestamp=1716230437.9620181s
7ec870db-fca2-4d9b-a5f3-f736a35c5bc8  timestamp=1715163257.251094172s
7f1f7ece-b67e-42b7-8343-a923273a3770  timestamp=1716221154.670761952s
7fd73015-3c3e-4d78-90bc-5b58c1840e8b  timestamp=1716233718.698135527s
80c60e38-187a-4ab3-a2e7-33480bc91247  timestamp=1716251558.988925614s
818a87b4-a6af-412d-b344-9323952b3ed9  timestamp=1716208627.545212286s
82c7e72c-06a4-47ea-a997-13a3e4653e20  timestamp=1714726345.228570969s
846c4bf0-3cd5-4555-ad36-e4b3c4ea5519  timestamp=1716304245.314452388s
85795f38-2fa7-4512-b9b0-c3236e9631be  timestamp=1716229191.312485929s
872e9a5d-95cb-4d1b-9a66-0b06498bfbb6  timestamp=1716245010.821069061s
87337410-53ad-4f76-b94c-8ed5ddcaa4ba  timestamp=1716368451.829838106s
881ad311-8bea-4262-9af4-7f2cea5cd553  timestamp=1715594525.34138448s
88826da3-beeb-4307-8879-c20ea933ba07  timestamp=1716248730.360552779s
89d92879-b077-42fc-bef6-b0d58d74a189  timestamp=1715592566.82897437s
8a389dc1-bd0a-4ba2-a49a-b0e1b81fae6c  timestamp=1714657633.059465335s
8b2ef2cf-414e-4ead-804d-adad62ef5abf  timestamp=1716257766.790868627s
8bbc5f0f-efc4-4cbf-9ff7-77178ca16164  timestamp=1714853796.774179835s
8ce30cf1-ed71-434d-81ec-cbf219e571ef  timestamp=1714999737.642179661s
8cffc5f0-4ce0-4113-965e-3a14fe4e4d9f  timestamp=1716304155.475651802s
8ddb05c7-2d80-4f1f-bf92-b14b2d21c5d4  timestamp=1716301523.017618941s
902f356b-9f33-42d4-ac70-2b7797aa6e00  timestamp=1716248832.595987701s
908af4ea-c169-4dbb-9b1a-578e8d3276a6  timestamp=1716213676.514483935s
90cb2f21-a656-47ef-8492-5c54bd9ad2a0  timestamp=1716371920.19497299s
90cefd63-ec1e-42d7-8aca-c693225e4df2  timestamp=1714383504.362707882s
91635143-5e33-4261-ad93-a293e154d499  timestamp=1716208341.729994606s
924c20fb-32d0-4599-af8f-43859f824074  timestamp=1716302765.167543582s
927ea5d2-cc80-487a-abfe-d12bc60b3ef7  timestamp=1715238216.476806968s
9344d4e6-1031-4359-bad2-37e11d6dbea3  timestamp=1716377049.76558068s
93c7a5b1-7282-40a4-bc28-d9136aabae22  timestamp=1716306269.561694691s
941c0bc4-e7d0-42d9-80b5-3d67785ceda6  timestamp=1716240369.999072787s
9426086b-3a54-4b0a-8467-e6709c0af5d8  timestamp=1716251946.262244866s
9447f20c-3e24-4a21-8480-03f7d839ae59  timestamp=1716219068.208496548s
9479d1e0-eb89-4b99-a919-b01d355a418c  timestamp=1716310156.56285841s
948e0b8a-2810-4121-80e6-357d9d5211c5  timestamp=1716232125.267541671s
971d14cf-0508-4402-ae5a-77de79960da6  timestamp=1716366935.439141146s
9909ec7f-e8e2-4753-be7c-3290cffea0bb  timestamp=1716307458.28307857s
9ab096f1-df95-455b-86cb-4696a45673a1  timestamp=1714700565.854252746s
9b886fcb-6510-4f9b-8205-0d1f709e2b7b  timestamp=1715229439.154484149s
9bef4073-dc19-48a6-917c-22a4c774d739  timestamp=1716236872.14582061s
9cc2467e-a782-4105-b302-9ddd5342a3b7  timestamp=1716243078.577245299s
9e0e1eee-eb7a-4c41-ab5c-6668717156ab  timestamp=1716238739.813391306s
9e35b7fd-6b77-482a-a808-285065571260  timestamp=1716365346.81768129s
a0b454ef-e872-4566-812b-e0fad69af814  timestamp=1716375107.9835781s
a0d2d888-000e-4d24-9313-c423bf0d0614  timestamp=1716376756.089869046s
a0f06b21-3088-405a-a5fa-580cf82979b2  timestamp=1716367231.916253518s
a12537f4-438d-4d45-bec8-f00602b4e490  timestamp=1716297744.775826785s
a17e94b3-1340-449e-8d47-f7f38eedda83  timestamp=1716205389.50561825s
a46d317c-3752-4ff5-9790-be10dc91313c  timestamp=1716251467.833549786s
a55bab33-b784-4ec1-b053-c6773b864a56  timestamp=1716236492.194630255s
a5f4498a-2cf5-436d-97d8-cb436372b80f  timestamp=1716365005.004624609s
a6278136-bd2c-4499-8531-6d0f44af4320  timestamp=1716251809.743384644s
a7c9f440-4f89-4710-89e5-e88f2c13b19e  timestamp=1716255334.744214537s
a871b6b7-c497-414c-aaf1-6e94c89af502  timestamp=1716299915.16795459s
a984ff72-a4de-4614-ad33-349c34f0297b  timestamp=1715225297.733895375s
aaa23b35-a2bf-462e-a9f7-3e403f5362c2  timestamp=1714999674.594246701s
abfca534-62a4-48e4-a16a-1fd12add28e2  timestamp=1714383622.455735319s
acbd1203-d393-4f94-97dd-4f42932934fb  timestamp=1716211952.743237133s
ad858b39-cd60-4679-9ccc-dc54833d964f  timestamp=1716208436.00457379s
adc740e5-2f19-4fe4-b00c-4a7f6e08e60f  timestamp=1716218891.364362113s
aeb0debc-220a-4fb9-8940-282cce9a486f  timestamp=1715260649.973313898s
b0c17276-ca0f-48d2-9c28-77629c86a14b  timestamp=1716204047.364278653s
b15159fb-e138-4f8d-8ad4-9c59086a0279  timestamp=1715000136.455347553s
b1afeda5-2e87-4666-b4fd-270a0bf4159b  timestamp=1714385340.268081892s
b2949d2c-c706-422d-8ea7-93e27058a48b  timestamp=1715100320.9181102s
b2b882af-4c34-4f9a-82c4-5c360f3a452b  timestamp=1715266255.054519439s
b4012ce2-32dc-4cd0-afed-44b2f5c2c0fb  timestamp=1716244207.070629133s
b70ca268-fe73-46c5-80fc-a9bb6c8c4e8a  timestamp=1714384928.617367414s
b9afa4d7-d9c2-4995-a2ff-ca438cefda71  timestamp=1716213941.62845306s
bb725c4b-6a8d-4f57-8067-ff4cb2bd8182  timestamp=1716211972.38135443s
bdccab05-2063-4ef3-a14b-fc3d12cf9a15  timestamp=1716250553.450347305s
bdd17f73-113e-4673-a62d-00a7f0fda52c  timestamp=1716309129.763206693s
bf10460a-9ba7-4ef3-93cd-9013b879affb  timestamp=1715232131.723480058s
bf989f2b-757a-491f-8126-c655a3617e49  timestamp=1715262137.210525073s
bfb15072-fe39-419b-8792-140aa3a06958  timestamp=1716238765.112160559s
bffe6a47-24d2-4640-a28e-919dd4ba8dde  timestamp=1716240208.30342632s
c0793549-9f40-449a-a903-d99d348628e8  timestamp=1714822024.630148024s
c130716e-8b2d-44ab-a959-6362625ea963  timestamp=1716206370.044063861s
c153981c-6a6c-49a2-bd42-f7fbb38b3ad4  timestamp=1716203727.011741095s
c3ecf6cf-5eda-4a69-b3dc-66b8c2f4b088  timestamp=1716246492.651660435s
c41aea7b-7a78-4460-9744-ff3a12d2a6cd  timestamp=1715592317.102125971s
c537fa30-0574-499d-99dd-7513eb3f7147  timestamp=1716254410.69403518s
c607f8f1-3056-44a6-9c28-ea1f6495292d  timestamp=1716250908.203170732s
c6427fa9-02df-404b-89e8-59a9bcb64709  timestamp=1714382162.523183442s
c6bcd9e2-ed41-432e-a3b6-673af92183bd  timestamp=1716292898.93651797s
c7888869-d7ad-41f5-a547-c93901f6fc22  timestamp=1716217452.196819104s
c7de912a-0510-43d3-ada4-02c7d11bff90  timestamp=1716372236.658276782s
c84d507e-7ec7-4d80-a3ef-6af3a61654ab  timestamp=1715192139.679488212s
c8b63306-50f6-4ff6-bade-2dbf74ac9760  timestamp=1716305284.677188462s
cec51336-9106-49df-b4a4-446db4ab5a83  timestamp=1715195728.036072418s
cf7d1258-12c3-4ce5-900b-ac0a0a2ac72e  timestamp=1715276976.216663695s
d13d6e80-c917-423b-8a5d-f5b406611c87  timestamp=1716208366.673202044s
d1837eeb-74dd-4d22-b087-765303e4bf19  timestamp=1716370889.158390205s
d26a799c-0166-48b8-a4bd-a42554474ed1  timestamp=1715267486.98561396s
d2883530-665a-4cb9-af85-6537c64bbe75  timestamp=1715000793.728412204s
d3c2efb6-44fc-47d9-9ef7-8dea385b99b9  timestamp=1716217200.151427285s
d447e09d-5d68-4d5a-9d12-ed29f9fbcf0c  timestamp=1716225232.002406983s
d523485d-4567-41a4-9a78-b54140319161  timestamp=1715594539.262613692s
d579ae09-4a63-4580-b053-d039146fe67a  timestamp=1716370248.606006934s
d57f6c2e-bf91-4737-895f-edca143f8521  timestamp=1716370567.87443248s
d5a54422-0973-4ee5-9c91-8161d608aded  timestamp=1715593288.280280287s
d630c81b-4fc5-4f35-a393-fde417b2a01d  timestamp=1716250705.293157529s
d728712e-9234-4563-abf5-d8b4724093b8  timestamp=1716242483.333266315s
d838bf0e-d3d0-48f0-b381-03d3c6e11dec  timestamp=1716212802.108790092s
dd11ca9d-6e70-4894-9eff-f5abafce0ef4  timestamp=1716246128.866877921s
df5dd9cb-92a1-4f0b-8034-ac8ed9774f6c  timestamp=1716294821.442708155s
e04c8383-1dc2-4582-bd0a-69cb8d42b480  timestamp=1716216256.921307715s
e0cc763d-309d-44fa-8de9-49f5d78b385b  timestamp=1716225318.852101732s
e4442e03-3bbb-417c-a2f7-92cdc4235b1c  timestamp=1716248744.921652657s
e44e2a1f-9c15-4e7c-91e5-6661aeaecf4d  timestamp=1715197247.853484424s
e4517ecd-000f-48ae-8405-5ff2e1fbe016  timestamp=1716219789.922027112s
e4a47c94-f935-4224-8e18-97caa7ba1075  timestamp=1716208586.351572196s
e892cf62-48a3-479f-acf8-2c5b984dadce  timestamp=1715233553.49583032s
e8cad914-aa45-4ba1-8069-ab86ba9f4240  timestamp=1714385890.270779447s
ea73ccd8-44f1-499a-a933-669ab7713f08  timestamp=1716371599.446240345s
ea79a35e-ad48-4d43-a4c0-1accf604aa9b  timestamp=1714384144.971349513s
ebf63c49-de81-4ee9-8fcf-c316d2c244a7  timestamp=1716369956.046644108s
ee0514e4-0afc-498b-a691-8b75760fbcd3  timestamp=1716227315.976367971s
eebcf9bb-ee20-4c56-b60e-097ab07f0a92  timestamp=1716303160.464174486s
efbf56e7-5606-4314-8845-8fc291457b0f  timestamp=1716240635.962477493s
f041fc04-fdd8-4683-8f8c-5b5d9289ce73  timestamp=1716208718.851884951s
f05c683b-47c5-42d0-a591-4565e294a026  timestamp=1716232722.372455267s
f1095cfc-4b7e-42b6-8de3-d212ff60df27  timestamp=1716253146.294786141s
f11fac98-0e17-42f6-8f6f-cfdff123944f  timestamp=1714385138.664324457s
f17f0b80-61f6-4e7d-8631-4b39ed5ae754  timestamp=1714999464.147314804s
f1851920-95e4-4319-94eb-aff45cbee034  timestamp=1716214952.162951775s
f2972f28-bf26-4a93-8bba-ddf18e7790b1  timestamp=1714384734.63691156s
f3c25079-a0aa-49d3-98f0-5cf17bfef918  timestamp=1716377826.703499608s
f435b0b6-3c49-4203-8f39-5b77bc026894  timestamp=1714999934.439978224s
f6d690e5-d0f2-4e11-b0e2-9c8776b2075e  timestamp=1716372880.360332723s
f76f3798-a74f-44ec-95ad-3313cf41ca96  timestamp=1716292133.303687607s
f855c3a2-1083-420e-8f12-457a224fd1ce  timestamp=1714740428.79695806s
f91e0c2b-9cb0-44bc-bed2-595bd8d04ede  timestamp=1714999854.50555972s
fb453a4f-7450-4308-a6e1-cbea6a827064  timestamp=1716208605.735026539s
fb8b1cd3-c4d3-45d4-a7d5-684ce328675a  timestamp=1714762027.578072234s
fc05f768-6a49-499b-bfaa-df3f6bceda72  timestamp=1716220791.544023414s
fc801a5b-e1cb-42cf-99d2-6755368b1ecb  timestamp=1716297656.424034595s
fcf1da87-2617-4a65-8c15-7b11c4297cbc  timestamp=1714384630.058002846s
fd6133eb-2f9e-4700-ba1c-72f50da2c064  timestamp=1716228573.220672539s
fdad23d5-6204-4f30-8945-f7ab02a6f00c  timestamp=1716252251.135689269s
fdc2749c-2a45-4205-aef1-5d35107f03db  timestamp=1715263578.514848013s
fe003366-71c4-4dff-971e-6769a95df85a  timestamp=1716294403.018485674s
