035dd621-9c1c-4ce0-b86b-33fad0e8c603 X timestamp=1716208504.634008024s
036a76f9-d6be-427a-ac4b-5e921e853dc6 X timestamp=1714999964.483665891s
03cac9ff-1abd-48a3-baa7-c663932d8fb3 X timestamp=1714640158.039918411s
04557137-02cd-42c2-b835-5b8261dd8176 X timestamp=1715076347.916462977s
0565f7c7-3671-496e-bc3d-f31833ee48c7 X timestamp=1716242253.329670916s
05cd6fa7-0239-45e1-8447-66b944394f7a X timestamp=1716218561.70756496s
0678a673-e5a1-416f-a177-b68d4158c8d6 X timestamp=1714383799.106386362s
06b03a3f-773d-40ae-bfa6-259869999571 X timestamp=1716240244.354794797s
07662f30-d8dd-411d-a1ac-4862fc9d71b9 X timestamp=1716237886.281907835s
07a99537-1eb5-4580-8eb1-92279cc32872 X timestamp=1716211394.748582299s
08417f63-2183-4b50-964b-b330bbb4af3f X timestamp=1716226337.749388234s
09ad0619-a64d-4c4e-8a88-8c2599ea9ece X timestamp=1714385257.975794893s
0b911f26-6549-4546-b242-bef1551d9d44 X timestamp=1716205968.485440662s
0bb0142a-b5eb-436c-aca1-491e08bebd7d X timestamp=1715001193.372826502s
0c203209-5970-4c72-b5fb-2ede8f8ede22 X timestamp=1715197266.346187143s
0cc25e0f-10d0-4561-b67e-540e505aeb9d X timestamp=1714385702.626744533s
0e7c1a12-7fac-4a57-a175-36a3c06ba595 X timestamp=1715236636.342370725s
102677d0-a2d9-486c-bb01-229111a08503 X timestamp=1714670396.35201312s
10b3b6d6-7419-403c-9853-c22b0bd101a6 X timestamp=1716208459.167944662s
10bca69f-1dbc-4974-a77b-a71b08bc04cf X timestamp=1714384516.942699747s
11595f43-dbd1-4d4b-b993-d215a43ab1c7 X timestamp=1716255992.550585752s
11dc0fe9-782e-4a63-8bdb-384e9a11ca5d X timestamp=1714385418.730052951s
12394fc9-3a6f-4e98-b4fa-2d084e42c825 X timestamp=1716223391.086828434s
12bbe807-75f9-462c-ad69-a5a565985aed X timestamp=1715592745.818038514s
141e42a1-c76a-41d7-bff7-1e2e091a5362 X timestamp=1716257519.084914416s
1530503e-7704-401c-9a1a-35c90b33aea5 X timestamp=1716208480.13495903s
15ae4e57-4d7f-44c9-81c6-71f4e744e504 X timestamp=1714384418.90774688s
193fa6ea-51b8-4059-b47c-9c58de36ae3e X timestamp=1716243744.862537343s
1af8cf5f-d602-45ed-b61e-529f061d0082 X timestamp=1715280523.067775672s
1c3b0880-d2b8-4b4a-a46a-54b139ea4190 X timestamp=1714385528.141631234s
1d1ab88f-5f13-4b68-b4ad-6e94f3bfa5f1 X timestamp=1716243691.907433169s
1f2d7c5b-89cb-4105-b660-7a5685ad8777 X timestamp=1715248640.632356919s
20b7fb0f-5bbc-4f54-a3f2-96efb3d53ba7 X timestamp=1716230770.65932766s
21ce232f-36d2-4a23-bb29-fd98e1835362 X timestamp=1715593185.747842882s
2301c94d-05eb-44b5-84ef-22eea6829a2e X timestamp=1716217831.93236698s
248e303b-e342-45c8-957f-0076f751914d X timestamp=1715594563.921199688s
2504d77a-b35b-422d-bce2-a4225cf039a3 X timestamp=1716235153.500583509s
258b8fde-8849-45fd-b0b6-4c42ae99648a X timestamp=1714999632.209413328s
25e47fec-1df0-4ff2-b361-e16ff4d22a60 X timestamp=1714385020.949238225s
26601cce-b506-4e50-a25d-3ca96157d816 X timestamp=1716297526.116320107s
269b870f-a3fc-4594-9a1a-7950f992a00f X timestamp=1716228907.929721873s
26c03819-e7aa-4b88-84ea-2e7a40b84fa3 X timestamp=1716257266.873101079s
26cafadd-97da-4daa-9ea3-67d763c4f8a7 X timestamp=1716228711.787597278s
298d84cf-e39f-4b3b-8452-191ab5ae4ad1 X timestamp=1716208563.520095223s
29ab0fde-c179-4830-99b7-937f6899b9ca X timestamp=1715195099.148615225s
29e5a18f-3f65-4bb1-9136-96bf2b2358b3 X timestamp=1715247323.270824275s
2a29e691-6f8a-4a48-b6f8-226d95da7827 X timestamp=1716208411.193787485s
2d2a9a7c-8393-492f-8682-10e4c08c4d1e X timestamp=1715000065.484612719s
2d3590ed-fc12-403f-b352-5ef4ee3c4b55 X timestamp=1716252974.799361218s
2e15424f-4037-4002-b495-53697228b1f0 X timestamp=1716208528.087852904s
2ee55c4a-c596-46ec-9907-6055ed108a97 X timestamp=1716231703.268016522s
2fb02453-d038-4d30-b9c7-4b0696c534fe X timestamp=1715001212.864837666s
3030110f-f396-4ddb-ba31-14a32fc9684c X timestamp=1715594308.656233104s
306977e0-6748-4a16-8390-63de5bfca5ce X timestamp=1715000168.418881011s
3281e261-72d8-421a-b473-b8789e5f4ccc X timestamp=1715259247.50946675s
332bfa1e-60f5-48a9-a80e-4e34ac5659ee X timestamp=1716251707.479392765s
34af7cbc-d1cc-40d7-bff9-c82ad32cbbef X timestamp=1716256205.441232867s
35f7bee2-fda9-401d-8d44-01e96e34eb56 X timestamp=1715593626.63006954s
36990da3-e1d9-43b0-9965-dbcc92eb6e77 X timestamp=1714648318.162619248s
38125749-0aa9-43dc-99ff-b7ba8d17e408 X timestamp=1716286957.84885081s
392dd98c-3084-4a31-8f3a-4c44e1fe30bf X timestamp=1716208676.506106273s
393e3906-8a18-4041-b726-5e64c22bdc3f X timestamp=1714999775.531771792s
39b01b3b-4352-47b1-bdb0-e77dc191363d X timestamp=1715594604.990635749s
39cc04f2-9e5d-4bff-8b89-55e2c33c7a76 X timestamp=1715594478.218073346s
407166f0-1843-4e5a-b806-d8f3aabc21dd X timestamp=1716212038.629561634s
4375af78-380e-4007-b5c9-160e1706f99c X timestamp=1716216631.093820852s
447a29f9-1b8f-4d82-9151-94ac3190ed50 X timestamp=1716235911.754536339s
44c44d40-b279-435d-80d3-5de37d3ef0d9 X timestamp=1714777935.48978907s
44caa0b9-fdd3-469d-b13f-ce506d6c3dc6 X timestamp=1716216728.818980498s
45166c17-20f7-4a2c-8855-cb72a399e701 X timestamp=1714383903.664587533s
453a6620-3322-4bc6-821c-6f9f01a7f7eb X timestamp=1716250770.308315577s
45521df0-c946-487d-8a83-30a9c5485237 X timestamp=1714385511.850195473s
47320e66-6b7c-48d4-9cd8-e238039cde1f X timestamp=1716220342.280293085s
4858eca6-d2b2-46f8-bd40-46220dc658a6 X timestamp=1716216290.585057745s
48f50df7-8b51-4083-a458-1e84b34a2875 X timestamp=1716224514.219630273s
49b99bae-6cc1-423d-92fc-4eecdb1dcf56 X timestamp=1714384758.476707062s
4bb4efe5-3ca4-4036-a5b7-1d9f4cc3352d X timestamp=1716244894.151316816s
4d0a3381-97dd-4175-b8ce-535cf3a2db7a X timestamp=1716219261.338931862s
4d4bf4b3-ee98-47ac-bb4a-7c0c2353147b X timestamp=1716254455.036248304s
4e45e9f9-38bd-498c-b14a-66c861787541 X timestamp=1714385612.807014626s
50115daf-7e45-4be6-9d6b-1b87e2ef2a23 X timestamp=1716205750.25717903s
50222dd9-9b1d-44a4-b190-ca1d17d59b3c X timestamp=1716233313.014303237s
50e8c4ef-8e56-4355-ac66-be45848f8f90 X timestamp=1716292562.562737359s
52096a10-b720-4d28-914c-62830d8e3d68 X timestamp=1714998533.797554273s
551dcf88-27cb-403d-8569-40f1369de96e X timestamp=1715277605.635729856s
587f3cae-83fb-40b4-a110-f0dc2244de31 X timestamp=1716256757.750867292s
595af2ed-66d0-4d75-b585-9d563e8d7042 X timestamp=1716213953.697957781s
5d03de3f-560b-45b0-87e4-dd3a4d37db23 X timestamp=1714385230.814606255s
5d169390-1d35-4b32-bc2f-8001894afbd6 X timestamp=1716235675.296510226s
5ea20429-4dfa-4545-99fe-03fccabbe5cb X timestamp=1716227782.92439454s
5f1ee8aa-47a3-452e-9466-2fa0b7e74edf X timestamp=1716245827.522345079s
5fc28002-9f88-4aa4-8166-ff5e1d79eddd X timestamp=1716249645.566220372s
62aa6343-2f33-4119-a1f1-8bd62c528686 X timestamp=1716234936.012652955s
62cc80ad-4f9b-4b74-ac17-325a29e8f8c6 X timestamp=1714384716.872868561s
631ecc4c-90ab-4758-9ff2-f82652128c29 X timestamp=1716208388.337691095s
64bbe57e-8e29-4668-a216-565a4ec7b6aa X timestamp=1716234193.697107487s
66a7a02d-18f1-41c8-a8e2-1fc8222f42be X timestamp=1714383766.211302831s
67b636a0-2b23-4d44-b7f4-a573793d07e5 X timestamp=1716214279.605911783s
69395c53-169b-42cc-b57a-1357a21b6460 X timestamp=1716249112.517014574s
69839473-5b8a-4e45-b327-5a093662335e X timestamp=1715273163.254780124s
6a0f7282-ea87-49e9-a9bb-af545ecd72e4 X timestamp=1716209294.990928307s
6bc72cf9-df25-47fe-b7bd-b78f072d82b5 X timestamp=1715592688.042025206s
6d762188-ea19-4bb5-a690-b4733307e8f8 X timestamp=1716230076.68297804s
6ec37517-95a1-40c4-a877-cff858603621 X timestamp=1715000119.948332334s
71bf2261-4f59-4848-b20d-58b5f8d00206 X timestamp=1716226696.299413079s
74b42e36-78a9-4c01-84a9-e0e7739253b8 X timestamp=1716229599.004597255s
75da4b55-2891-4e43-8f21-ffe2abccf60f X timestamp=1714384029.971399275s
76ee183d-19c3-4e3d-9441-31e94bb1b4bd X timestamp=1716242505.273708021s
77170730-049f-4ca3-97f3-305589fb3cba X timestamp=1715593385.404607469s
78566478-844b-444f-8053-24e9b3d38cf6 X timestamp=1715194147.564608395s
79eb8478-1108-420e-abd0-b46ae44eb95f X timestamp=1716208318.802262002s
7b71cdb9-4b45-4d03-96bc-6a1e82b8d590 X timestamp=1715274262.146394287s
7c3a5a15-d312-4b9c-8bf3-3aded7f2b70b X timestamp=1716221051.458208123s
7cb8c0ef-f573-46ad-9184-25e7111d5524 X timestamp=1714687818.034974044s
7eab8c04-48dc-48c7-b403-9c71792984a2 X timestamp=1716230437.824870463s
7ec870db-fca2-4d9b-a5f3-f736a35c5bc8 X timestamp=1715163257.13019084s
7f1f7ece-b67e-42b7-8343-a923273a3770 X timestamp=1716221154.503673427s
7fd73015-3c3e-4d78-90bc-5b58c1840e8b X timestamp=1716233718.517015006s
80c60e38-187a-4ab3-a2e7-33480bc91247 X timestamp=1716251558.852096342s
818a87b4-a6af-412d-b344-9323952b3ed9 X timestamp=1716208627.402821129s
82c7e72c-06a4-47ea-a997-13a3e4653e20 X timestamp=1714726344.89948867s
85795f38-2fa7-4512-b9b0-c3236e9631be X timestamp=1716229191.13615648s
872e9a5d-95cb-4d1b-9a66-0b06498bfbb6 X timestamp=1716245010.651091891s
881ad311-8bea-4262-9af4-7f2cea5cd553 X timestamp=1715594525.214897301s
88826da3-beeb-4307-8879-c20ea933ba07 X timestamp=1716248730.230264314s
89d92879-b077-42fc-bef6-b0d58d74a189 X timestamp=1715592566.663726661s
8a389dc1-bd0a-4ba2-a49a-b0e1b81fae6c X timestamp=1714657632.955167045s
8b2ef2cf-414e-4ead-804d-adad62ef5abf X timestamp=1716257766.606378584s
8bbc5f0f-efc4-4cbf-9ff7-77178ca16164 X timestamp=1714853796.667894399s
8ce30cf1-ed71-434d-81ec-cbf219e571ef X timestamp=1714999737.516053401s
902f356b-9f33-42d4-ac70-2b7797aa6e00 X timestamp=1716248832.42762513s
908af4ea-c169-4dbb-9b1a-578e8d3276a6 X timestamp=1716213676.360346139s
90cefd63-ec1e-42d7-8aca-c693225e4df2 X timestamp=1714383500.990696637s
91635143-5e33-4261-ad93-a293e154d499 X timestamp=1716208341.588135581s
927ea5d2-cc80-487a-abfe-d12bc60b3ef7 X timestamp=1715238208.551799189s
941c0bc4-e7d0-42d9-80b5-3d67785ceda6 X timestamp=1716240369.852484192s
9426086b-3a54-4b0a-8467-e6709c0af5d8 X timestamp=1716251946.116983578s
9447f20c-3e24-4a21-8480-03f7d839ae59 X timestamp=1716219068.064027991s
948e0b8a-2810-4121-80e6-357d9d5211c5 X timestamp=1716232125.145094954s
9ab096f1-df95-455b-86cb-4696a45673a1 X timestamp=1714700565.527305833s
9b886fcb-6510-4f9b-8205-0d1f709e2b7b X timestamp=1715229434.246523322s
9bef4073-dc19-48a6-917c-22a4c774d739 X timestamp=1716236871.981753483s
9cc2467e-a782-4105-b302-9ddd5342a3b7 X timestamp=1716243078.415956125s
9e0e1eee-eb7a-4c41-ab5c-6668717156ab X timestamp=1716238739.652941957s
a17e94b3-1340-449e-8d47-f7f38eedda83 X timestamp=1716205389.385228479s
a46d317c-3752-4ff5-9790-be10dc91313c X timestamp=1716251467.701003003s
a55bab33-b784-4ec1-b053-c6773b864a56 X timestamp=1716236492.053242913s
a6278136-bd2c-4499-8531-6d0f44af4320 X timestamp=1716251809.545959564s
a7c9f440-4f89-4710-89e5-e88f2c13b19e X timestamp=1716255334.606617494s
a984ff72-a4de-4614-ad33-349c34f0297b X timestamp=1715225294.696974108s
aaa23b35-a2bf-462e-a9f7-3e403f5362c2 X timestamp=1714999674.471560583s
abfca534-62a4-48e4-a16a-1fd12add28e2 X timestamp=1714383619.938427232s
acbd1203-d393-4f94-97dd-4f42932934fb X timestamp=1716211952.60299422s
ad858b39-cd60-4679-9ccc-dc54833d964f X timestamp=1716208435.828497769s
adc740e5-2f19-4fe4-b00c-4a7f6e08e60f X timestamp=1716218891.232950197s
aeb0debc-220a-4fb9-8940-282cce9a486f X timestamp=1715260645.515838766s
b0c17276-ca0f-48d2-9c28-77629c86a14b X timestamp=1716204047.220323948s
b15159fb-e138-4f8d-8ad4-9c59086a0279 X timestamp=1715000136.340153705s
b1afeda5-2e87-4666-b4fd-270a0bf4159b X timestamp=1714385338.950840249s
b2949d2c-c706-422d-8ea7-93e27058a48b X timestamp=1715100320.792372828s
b2b882af-4c34-4f9a-82c4-5c360f3a452b X timestamp=1715266251.689168633s
b4012ce2-32dc-4cd0-afed-44b2f5c2c0fb X timestamp=1716244206.941623806s
b70ca268-fe73-46c5-80fc-a9bb6c8c4e8a X timestamp=1714384927.300974283s
b9afa4d7-d9c2-4995-a2ff-ca438cefda71 X timestamp=1716213941.484378622s
bb725c4b-6a8d-4f57-8067-ff4cb2bd8182 X timestamp=1716211972.229891158s
bdccab05-2063-4ef3-a14b-fc3d12cf9a15 X timestamp=1716250553.314702991s
bf10460a-9ba7-4ef3-93cd-9013b879affb X timestamp=1715232129.016196677s
bf989f2b-757a-491f-8126-c655a3617e49 X timestamp=1715262129.480862543s
bfb15072-fe39-419b-8792-140aa3a06958 X timestamp=1716238764.96530952s
bffe6a47-24d2-4640-a28e-919dd4ba8dde X timestamp=1716240208.171553394s
c0793549-9f40-449a-a903-d99d348628e8 X timestamp=1714822024.300467221s
c130716e-8b2d-44ab-a959-6362625ea963 X timestamp=1716206369.872407086s
c153981c-6a6c-49a2-bd42-f7fbb38b3ad4 X timestamp=1716203726.898010299s
c3ecf6cf-5eda-4a69-b3dc-66b8c2f4b088 X timestamp=1716246492.516086465s
c41aea7b-7a78-4460-9744-ff3a12d2a6cd X timestamp=1715592316.954571928s
c537fa30-0574-499d-99dd-7513eb3f7147 X timestamp=1716254410.545622832s
c607f8f1-3056-44a6-9c28-ea1f6495292d X timestamp=1716250908.078144504s
c6427fa9-02df-404b-89e8-59a9bcb64709 X timestamp=1714382162.385640535s
c7888869-d7ad-41f5-a547-c93901f6fc22 X timestamp=1716217452.069685135s
c84d507e-7ec7-4d80-a3ef-6af3a61654ab X timestamp=1715192139.525240164s
cec51336-9106-49df-b4a4-446db4ab5a83 X timestamp=1715195727.902487893s
cf7d1258-12c3-4ce5-900b-ac0a0a2ac72e X timestamp=1715276973.991969883s
d13d6e80-c917-423b-8a5d-f5b406611c87 X timestamp=1716208366.527908508s
d26a799c-0166-48b8-a4bd-a42554474ed1 X timestamp=1715267484.946579351s
d2883530-665a-4cb9-af85-6537c64bbe75 X timestamp=1715000793.606305628s
d3c2efb6-44fc-47d9-9ef7-8dea385b99b9 X timestamp=1716217200.017996529s
d447e09d-5d68-4d5a-9d12-ed29f9fbcf0c X timestamp=1716225231.841574388s
d523485d-4567-41a4-9a78-b54140319161 X timestamp=1715594539.116047239s
d5a54422-0973-4ee5-9c91-8161d608aded X timestamp=1715593288.140622159s
d630c81b-4fc5-4f35-a393-fde417b2a01d X timestamp=1716250705.127393844s
d728712e-9234-4563-abf5-d8b4724093b8 X timestamp=1716242483.220879721s
d838bf0e-d3d0-48f0-b381-03d3c6e11dec X timestamp=1716212801.945673838s
dd11ca9d-6e70-4894-9eff-f5abafce0ef4 X timestamp=1716246128.697884949s
e04c8383-1dc2-4582-bd0a-69cb8d42b480 X timestamp=1716216256.78724461s
e0cc763d-309d-44fa-8de9-49f5d78b385b X timestamp=1716225318.700212962s
e4442e03-3bbb-417c-a2f7-92cdc4235b1c X timestamp=1716248744.789165478s
e44e2a1f-9c15-4e7c-91e5-6661aeaecf4d X timestamp=1715197247.716218237s
e4517ecd-000f-48ae-8405-5ff2e1fbe016 X timestamp=1716219789.787769694s
e4a47c94-f935-4224-8e18-97caa7ba1075 X timestamp=1716208586.18576563s
e892cf62-48a3-479f-acf8-2c5b984dadce X timestamp=1715233551.8693925s
e8cad914-aa45-4ba1-8069-ab86ba9f4240 X timestamp=1714385889.6439824s
ea79a35e-ad48-4d43-a4c0-1accf604aa9b X timestamp=1714384143.408815108s
ee0514e4-0afc-498b-a691-8b75760fbcd3 X timestamp=1716227315.809831695s
efbf56e7-5606-4314-8845-8fc291457b0f X timestamp=1716240635.800741073s
f041fc04-fdd8-4683-8f8c-5b5d9289ce73 X timestamp=1716208718.689816368s
f05c683b-47c5-42d0-a591-4565e294a026 X timestamp=1716232722.238045252s
f1095cfc-4b7e-42b6-8de3-d212ff60df27 X timestamp=1716253146.132144468s
f11fac98-0e17-42f6-8f6f-cfdff123944f X timestamp=1714385138.223790153s
f17f0b80-61f6-4e7d-8631-4b39ed5ae754 X timestamp=1714999464.01712517s
f1851920-95e4-4319-94eb-aff45cbee034 X timestamp=1716214952.032901218s
f2972f28-bf26-4a93-8bba-ddf18e7790b1 X timestamp=1714384733.516622734s
f435b0b6-3c49-4203-8f39-5b77bc026894 X timestamp=1714999934.320539485s
f855c3a2-1083-420e-8f12-457a224fd1ce X timestamp=1714740428.53242115s
f91e0c2b-9cb0-44bc-bed2-595bd8d04ede X timestamp=1714999854.38357509s
fb453a4f-7450-4308-a6e1-cbea6a827064 X timestamp=1716208605.576549976s
fb8b1cd3-c4d3-45d4-a7d5-684ce328675a X timestamp=1714762027.224540315s
fc05f768-6a49-499b-bfaa-df3f6bceda72 X timestamp=1716220791.409653949s
fcf1da87-2617-4a65-8c15-7b11c4297cbc X timestamp=1714384628.191359436s
fd6133eb-2f9e-4700-ba1c-72f50da2c064 X timestamp=1716228573.076221245s
fdad23d5-6204-4f30-8945-f7ab02a6f00c X timestamp=1716252250.979487952s
fdc2749c-2a45-4205-aef1-5d35107f03db X timestamp=1715263571.816781622s
